<?xml version="1.0" encoding="UTF-8"?>
<!-- Generated by org.testng.reporters.JUnitReportReporter -->
<testsuite skipped="0" hostname="HP" name="TY_maven.Maven_Project.Mvndemo" tests="1" failures="0" timestamp="08 Nov 2019 10:34:01 GMT" time="0.021" errors="0">
  <testcase name="mevanproject" time="0.021" classname="TY_maven.Maven_Project.Mvndemo"/>
</testsuite> <!-- TY_maven.Maven_Project.Mvndemo -->
